<?xml version="1.0" encoding="UTF-8" ?>
<testsuite errors="6" failures="12" hostname="Doctors-MBP.attlocal.net" name="com.allendowney.thinkdast.MyArrayListTest" skipped="0" tests="20" time="0.174" timestamp="2018-07-05T00:25:27">
  <properties>
[...]
</properties>
  <testcase classname="com.allendowney.thinkdast.MyArrayListTest" name="testToArray" time="0.007">
    <error message="0" type="java.lang.ArrayIndexOutOfBoundsException">java.lang.ArrayIndexOutOfBoundsException: 0
	at com.allendowney.thinkdast.MyArrayListTest.testToArray(MyArrayListTest.java:294)
	at java.base/jdk.internal.reflect.NativeMethodAccessorImpl.invoke0(Native Method)
	at java.base/jdk.internal.reflect.NativeMethodAccessorImpl.invoke(NativeMethodAccessorImpl.java:62)
	at java.base/jdk.internal.reflect.DelegatingMethodAccessorImpl.invoke(DelegatingMethodAccessorImpl.java:43)
</error>
  </testcase>
  <testcase classname="com.allendowney.thinkdast.MyArrayListTest" name="testAddIntT" time="0.001">
    <error type="java.lang.IndexOutOfBoundsException">java.lang.IndexOutOfBoundsException
	at com.allendowney.thinkdast.MyArrayList.add(MyArrayList.java:54)
	at com.allendowney.thinkdast.MyArrayListTest.testAddIntT(MyArrayListTest.java:64)
	at java.base/jdk.internal.reflect.NativeMethodAccessorImpl.invoke0(Native Method)
	at java.base/jdk.internal.reflect.NativeMethodAccessorImpl.invoke(NativeMethodAccessorImpl.java:62)
	at java.base/jdk.internal.reflect.DelegatingMethodAccessorImpl.invoke(DelegatingMethodAccessorImpl.java:43)
</error>
  </testcase>
  <testcase classname="com.allendowney.thinkdast.MyArrayListTest" name="testGet" time="0.001">
    <error type="java.lang.IndexOutOfBoundsException">java.lang.IndexOutOfBoundsException
	at com.allendowney.thinkdast.MyArrayList.get(MyArrayList.java:106)
	at com.allendowney.thinkdast.MyArrayListTest.testGet(MyArrayListTest.java:134)
	at java.base/jdk.internal.reflect.NativeMethodAccessorImpl.invoke0(Native Method)
	at java.base/jdk.internal.reflect.NativeMethodAccessorImpl.invoke(NativeMethodAccessorImpl.java:62)
	at java.base/jdk.internal.reflect.DelegatingMethodAccessorImpl.invoke(DelegatingMethodAccessorImpl.java:43)
</error>
  </testcase>
  <testcase classname="com.allendowney.thinkdast.MyArrayListTest" name="testSet" time="0.005">
    <failure message="&#xa;Expected: is &lt;2&gt;&#xa;     but: was null" type="junit.framework.AssertionFailedError">junit.framework.AssertionFailedError: 
Expected: is &lt;2&gt;
     but: was null
	at org.hamcrest.MatcherAssert.assertThat(MatcherAssert.java:20)
	at com.allendowney.thinkdast.MyArrayListTest.testSet(MyArrayListTest.java:244)
	at java.base/jdk.internal.reflect.NativeMethodAccessorImpl.invoke0(Native Method)
	at java.base/jdk.internal.reflect.NativeMethodAccessorImpl.invoke(NativeMethodAccessorImpl.java:62)
	at java.base/jdk.internal.reflect.DelegatingMethodAccessorImpl.invoke(DelegatingMethodAccessorImpl.java:43)
</failure>
  </testcase>
  <testcase classname="com.allendowney.thinkdast.MyArrayListTest" name="testAddAllCollectionOfQextendsT" time="0.001">
    <failure message="&#xa;Expected: is &lt;12&gt;&#xa;     but: was &lt;0&gt;" type="junit.framework.AssertionFailedError">junit.framework.AssertionFailedError: 
Expected: is &lt;12&gt;
     but: was &lt;0&gt;
	at org.hamcrest.MatcherAssert.assertThat(MatcherAssert.java:20)
	at com.allendowney.thinkdast.MyArrayListTest.testAddAllCollectionOfQextendsT(MyArrayListTest.java:96)
	at java.base/jdk.internal.reflect.NativeMethodAccessorImpl.invoke0(Native Method)
	at java.base/jdk.internal.reflect.NativeMethodAccessorImpl.invoke(NativeMethodAccessorImpl.java:62)
	at java.base/jdk.internal.reflect.DelegatingMethodAccessorImpl.invoke(DelegatingMethodAccessorImpl.java:43)
</failure>
  </testcase>
  <testcase classname="com.allendowney.thinkdast.MyArrayListTest" name="testClear" time="0.0" />
  <testcase classname="com.allendowney.thinkdast.MyArrayListTest" name="testAddT" time="0.001">
    <error type="java.lang.IndexOutOfBoundsException">java.lang.IndexOutOfBoundsException
	at com.allendowney.thinkdast.MyArrayList.get(MyArrayList.java:106)
	at com.allendowney.thinkdast.MyArrayListTest.testAddT(MyArrayListTest.java:56)
	at java.base/jdk.internal.reflect.NativeMethodAccessorImpl.invoke0(Native Method)
	at java.base/jdk.internal.reflect.NativeMethodAccessorImpl.invoke(NativeMethodAccessorImpl.java:62)
	at java.base/jdk.internal.reflect.DelegatingMethodAccessorImpl.invoke(DelegatingMethodAccessorImpl.java:43)
</error>
  </testcase>
  <testcase classname="com.allendowney.thinkdast.MyArrayListTest" name="testSize" time="0.001">
    <failure message="&#xa;Expected: is &lt;3&gt;&#xa;     but: was &lt;0&gt;" type="junit.framework.AssertionFailedError">junit.framework.AssertionFailedError: 
Expected: is &lt;3&gt;
     but: was &lt;0&gt;
	at org.hamcrest.MatcherAssert.assertThat(MatcherAssert.java:20)
	at com.allendowney.thinkdast.MyArrayListTest.testSize(MyArrayListTest.java:275)
	at java.base/jdk.internal.reflect.NativeMethodAccessorImpl.invoke0(Native Method)
	at java.base/jdk.internal.reflect.NativeMethodAccessorImpl.invoke(NativeMethodAccessorImpl.java:62)
	at java.base/jdk.internal.reflect.DelegatingMethodAccessorImpl.invoke(DelegatingMethodAccessorImpl.java:43)
</failure>
  </testcase>
  <testcase classname="com.allendowney.thinkdast.MyArrayListTest" name="testLastIndexOf" time="0.001">
    <failure message="&#xa;Expected: is &lt;3&gt;&#xa;     but: was &lt;-1&gt;" type="junit.framework.AssertionFailedError">junit.framework.AssertionFailedError: 
Expected: is &lt;3&gt;
     but: was &lt;-1&gt;
	at org.hamcrest.MatcherAssert.assertThat(MatcherAssert.java:20)
	at com.allendowney.thinkdast.MyArrayListTest.testLastIndexOf(MyArrayListTest.java:186)
	at java.base/jdk.internal.reflect.NativeMethodAccessorImpl.invoke0(Native Method)
	at java.base/jdk.internal.reflect.NativeMethodAccessorImpl.invoke(NativeMethodAccessorImpl.java:62)
	at java.base/jdk.internal.reflect.DelegatingMethodAccessorImpl.invoke(DelegatingMethodAccessorImpl.java:43)
</failure>
  </testcase>
  <testcase classname="com.allendowney.thinkdast.MyArrayListTest" name="testContainsAll" time="0.0">
    <failure message="&#xa;Expected: &lt;true&gt;&#xa;     but: was &lt;false&gt;" type="junit.framework.AssertionFailedError">junit.framework.AssertionFailedError: 
Expected: &lt;true&gt;
     but: was &lt;false&gt;
	at org.hamcrest.MatcherAssert.assertThat(MatcherAssert.java:20)
	at com.allendowney.thinkdast.MyArrayListTest.testContainsAll(MyArrayListTest.java:126)
	at java.base/jdk.internal.reflect.NativeMethodAccessorImpl.invoke0(Native Method)
	at java.base/jdk.internal.reflect.NativeMethodAccessorImpl.invoke(NativeMethodAccessorImpl.java:62)
	at java.base/jdk.internal.reflect.DelegatingMethodAccessorImpl.invoke(DelegatingMethodAccessorImpl.java:43)
</failure>
  </testcase>
  <testcase classname="com.allendowney.thinkdast.MyArrayListTest" name="testRemoveObject" time="0.0">
    <failure message="&#xa;Expected: &lt;true&gt;&#xa;     but: was &lt;false&gt;" type="junit.framework.AssertionFailedError">junit.framework.AssertionFailedError: 
Expected: &lt;true&gt;
     but: was &lt;false&gt;
	at org.hamcrest.MatcherAssert.assertThat(MatcherAssert.java:20)
	at com.allendowney.thinkdast.MyArrayListTest.testRemoveObject(MyArrayListTest.java:195)
	at java.base/jdk.internal.reflect.NativeMethodAccessorImpl.invoke0(Native Method)
	at java.base/jdk.internal.reflect.NativeMethodAccessorImpl.invoke(NativeMethodAccessorImpl.java:62)
	at java.base/jdk.internal.reflect.DelegatingMethodAccessorImpl.invoke(DelegatingMethodAccessorImpl.java:43)
</failure>
  </testcase>
  <testcase classname="com.allendowney.thinkdast.MyArrayListTest" name="testContains" time="0.001">
    <failure message="&#xa;Expected: &lt;true&gt;&#xa;     but: was &lt;false&gt;" type="junit.framework.AssertionFailedError">junit.framework.AssertionFailedError: 
Expected: &lt;true&gt;
     but: was &lt;false&gt;
	at org.hamcrest.MatcherAssert.assertThat(MatcherAssert.java:20)
	at com.allendowney.thinkdast.MyArrayListTest.testContains(MyArrayListTest.java:114)
	at java.base/jdk.internal.reflect.NativeMethodAccessorImpl.invoke0(Native Method)
	at java.base/jdk.internal.reflect.NativeMethodAccessorImpl.invoke(NativeMethodAccessorImpl.java:62)
	at java.base/jdk.internal.reflect.DelegatingMethodAccessorImpl.invoke(DelegatingMethodAccessorImpl.java:43)
</failure>
  </testcase>
  <testcase classname="com.allendowney.thinkdast.MyArrayListTest" name="testIndexOfNull" time="0.001">
    <failure message="&#xa;Expected: is &lt;3&gt;&#xa;     but: was &lt;-1&gt;" type="junit.framework.AssertionFailedError">junit.framework.AssertionFailedError: 
Expected: is &lt;3&gt;
     but: was &lt;-1&gt;
	at org.hamcrest.MatcherAssert.assertThat(MatcherAssert.java:20)
	at com.allendowney.thinkdast.MyArrayListTest.testIndexOfNull(MyArrayListTest.java:155)
	at java.base/jdk.internal.reflect.NativeMethodAccessorImpl.invoke0(Native Method)
	at java.base/jdk.internal.reflect.NativeMethodAccessorImpl.invoke(NativeMethodAccessorImpl.java:62)
	at java.base/jdk.internal.reflect.DelegatingMethodAccessorImpl.invoke(DelegatingMethodAccessorImpl.java:43)
</failure>
  </testcase>
  <testcase classname="com.allendowney.thinkdast.MyArrayListTest" name="testIndexOf" time="0.001">
    <failure message="&#xa;Expected: is &lt;0&gt;&#xa;     but: was &lt;-1&gt;" type="junit.framework.AssertionFailedError">junit.framework.AssertionFailedError: 
Expected: is &lt;0&gt;
     but: was &lt;-1&gt;
	at org.hamcrest.MatcherAssert.assertThat(MatcherAssert.java:20)
	at com.allendowney.thinkdast.MyArrayListTest.testIndexOf(MyArrayListTest.java:142)
	at java.base/jdk.internal.reflect.NativeMethodAccessorImpl.invoke0(Native Method)
	at java.base/jdk.internal.reflect.NativeMethodAccessorImpl.invoke(NativeMethodAccessorImpl.java:62)
	at java.base/jdk.internal.reflect.DelegatingMethodAccessorImpl.invoke(DelegatingMethodAccessorImpl.java:43)
</failure>
  </testcase>
  <testcase classname="com.allendowney.thinkdast.MyArrayListTest" name="testMyList" time="0.0">
    <failure message="&#xa;Expected: is &lt;3&gt;&#xa;     but: was &lt;0&gt;" type="junit.framework.AssertionFailedError">junit.framework.AssertionFailedError: 
Expected: is &lt;3&gt;
     but: was &lt;0&gt;
	at org.hamcrest.MatcherAssert.assertThat(MatcherAssert.java:20)
	at com.allendowney.thinkdast.MyArrayListTest.testMyList(MyArrayListTest.java:44)
	at java.base/jdk.internal.reflect.NativeMethodAccessorImpl.invoke0(Native Method)
	at java.base/jdk.internal.reflect.NativeMethodAccessorImpl.invoke(NativeMethodAccessorImpl.java:62)
	at java.base/jdk.internal.reflect.DelegatingMethodAccessorImpl.invoke(DelegatingMethodAccessorImpl.java:43)
</failure>
  </testcase>
  <testcase classname="com.allendowney.thinkdast.MyArrayListTest" name="testIsEmpty" time="0.002">
    <failure message="&#xa;Expected: &lt;false&gt;&#xa;     but: was &lt;true&gt;" type="junit.framework.AssertionFailedError">junit.framework.AssertionFailedError: 
Expected: &lt;false&gt;
     but: was &lt;true&gt;
	at org.hamcrest.MatcherAssert.assertThat(MatcherAssert.java:20)
	at com.allendowney.thinkdast.MyArrayListTest.testIsEmpty(MyArrayListTest.java:163)
	at java.base/jdk.internal.reflect.NativeMethodAccessorImpl.invoke0(Native Method)
	at java.base/jdk.internal.reflect.NativeMethodAccessorImpl.invoke(NativeMethodAccessorImpl.java:62)
	at java.base/jdk.internal.reflect.DelegatingMethodAccessorImpl.invoke(DelegatingMethodAccessorImpl.java:43)
</failure>
  </testcase>
  <testcase classname="com.allendowney.thinkdast.MyArrayListTest" name="testIterator" time="0.001">
    <error type="java.util.NoSuchElementException">java.util.NoSuchElementException
	at java.base/java.util.Arrays$ArrayItr.next(Arrays.java:4430)
	at com.allendowney.thinkdast.MyArrayListTest.testIterator(MyArrayListTest.java:174)
	at java.base/jdk.internal.reflect.NativeMethodAccessorImpl.invoke0(Native Method)
	at java.base/jdk.internal.reflect.NativeMethodAccessorImpl.invoke(NativeMethodAccessorImpl.java:62)
	at java.base/jdk.internal.reflect.DelegatingMethodAccessorImpl.invoke(DelegatingMethodAccessorImpl.java:43)
</error>
  </testcase>
  <testcase classname="com.allendowney.thinkdast.MyArrayListTest" name="testRemoveAll" time="0.0" />
  <testcase classname="com.allendowney.thinkdast.MyArrayListTest" name="testRemoveInt" time="0.0">
    <failure message="&#xa;Expected: is &lt;2&gt;&#xa;     but: was null" type="junit.framework.AssertionFailedError">junit.framework.AssertionFailedError: 
Expected: is &lt;2&gt;
     but: was null
	at org.hamcrest.MatcherAssert.assertThat(MatcherAssert.java:20)
	at com.allendowney.thinkdast.MyArrayListTest.testRemoveInt(MyArrayListTest.java:224)
	at java.base/jdk.internal.reflect.NativeMethodAccessorImpl.invoke0(Native Method)
	at java.base/jdk.internal.reflect.NativeMethodAccessorImpl.invoke(NativeMethodAccessorImpl.java:62)
	at java.base/jdk.internal.reflect.DelegatingMethodAccessorImpl.invoke(DelegatingMethodAccessorImpl.java:43)
</failure>
  </testcase>
  <testcase classname="com.allendowney.thinkdast.MyArrayListTest" name="testSubList" time="0.0">
    <error type="java.lang.IndexOutOfBoundsException">java.lang.IndexOutOfBoundsException
	at com.allendowney.thinkdast.MyArrayList.subList(MyArrayList.java:216)
	at com.allendowney.thinkdast.MyArrayListTest.testSubList(MyArrayListTest.java:284)
	at java.base/jdk.internal.reflect.NativeMethodAccessorImpl.invoke0(Native Method)
	at java.base/jdk.internal.reflect.NativeMethodAccessorImpl.invoke(NativeMethodAccessorImpl.java:62)
	at java.base/jdk.internal.reflect.DelegatingMethodAccessorImpl.invoke(DelegatingMethodAccessorImpl.java:43)
</error>
  </testcase>
  <system-out><![CDATA[]]></system-out>
  <system-err><![CDATA[]]></system-err>
</testsuite>
